<?xml version="1.0" encoding="UTF-8"?>
<coverage generated="1326921196">
  <project timestamp="1326921196">
    <file name="/home/mor/prj/src/MyClass.php">
      <class name="MyClass" namespace="global">
        <metrics methods="1" coveredmethods="1" conditionals="0" coveredconditionals="0" statements="3" coveredstatements="2" elements="4" coveredelements="3"/>
      </class>
      <line num="3" type="method" name="demo" crap="2.15" count="1"/>
      <line num="4" type="stmt" count="1"/>
      <line num="5" type="stmt" count="1"/>
      <line num="7" type="stmt" count="0"/>
      <metrics loc="10" ncloc="10" classes="1" methods="1" coveredmethods="0" conditionals="0" coveredconditionals="0" statements="3" coveredstatements="2" elements="4" coveredelements="2"/>
    </file>
    <metrics files="1" loc="10" ncloc="10" classes="1" methods="1" coveredmethods="0" conditionals="0" coveredconditionals="0" statements="3" coveredstatements="2" elements="4" coveredelements="2"/>
  </project>
</coverage>
